<?xml version="1.0" encoding="UTF-8"?>
<testsuite xmlns:xsi="http://www.w3.org/2001/XMLSchema-instance" xsi:noNamespaceSchemaLocation="https://maven.apache.org/surefire/maven-surefire-plugin/xsd/surefire-test-report-3.0.xsd" version="3.0" name="jotech.springframwork.msscbeerservice.web.controller.BeerControllerTest" time="0.641" tests="3" errors="0" skipped="0" failures="0">
  <properties>
[...]
</properties>
  <testcase name="updateBeerById" classname="jotech.springframwork.msscbeerservice.web.controller.BeerControllerTest" time="0.239">
    <system-out><![CDATA[2024-12-04T10:53:39.377-05:00  INFO 28872 --- [           main] .b.t.a.w.s.WebMvcTestContextBootstrapper : Neither @ContextConfiguration nor @ContextHierarchy found for test class [jotech.springframwork.msscbeerservice.web.controller.BeerControllerTest], using SpringBootContextLoader
2024-12-04T10:53:39.378-05:00  INFO 28872 --- [           main] o.s.t.c.support.AbstractContextLoader    : Could not detect default resource locations for test class [jotech.springframwork.msscbeerservice.web.controller.BeerControllerTest]: no resource found for suffixes {-context.xml, Context.groovy}.
2024-12-04T10:53:39.378-05:00  INFO 28872 --- [           main] t.c.s.AnnotationConfigContextLoaderUtils : Could not detect default configuration classes for test class [jotech.springframwork.msscbeerservice.web.controller.BeerControllerTest]: BeerControllerTest does not declare any static, non-private, non-final, nested classes annotated with @Configuration.
2024-12-04T10:53:39.407-05:00  INFO 28872 --- [           main] .b.t.c.SpringBootTestContextBootstrapper : Found @SpringBootConfiguration jotech.springframwork.msscbeerservice.MsscBeerServiceApplication for test class jotech.springframwork.msscbeerservice.web.controller.BeerControllerTest
2024-12-04T10:53:39.408-05:00  INFO 28872 --- [           main] .b.t.a.w.s.WebMvcTestContextBootstrapper : Loaded default TestExecutionListener class names from location [META-INF/spring.factories]: [org.springframework.boot.test.mock.mockito.MockitoTestExecutionListener, org.springframework.boot.test.mock.mockito.ResetMocksTestExecutionListener, org.springframework.boot.test.autoconfigure.restdocs.RestDocsTestExecutionListener, org.springframework.boot.test.autoconfigure.web.client.MockRestServiceServerResetTestExecutionListener, org.springframework.boot.test.autoconfigure.web.servlet.MockMvcPrintOnlyOnFailureTestExecutionListener, org.springframework.boot.test.autoconfigure.web.servlet.WebDriverTestExecutionListener, org.springframework.boot.test.autoconfigure.webservices.client.MockWebServiceServerTestExecutionListener, org.springframework.test.context.web.ServletTestExecutionListener, org.springframework.test.context.support.DirtiesContextBeforeModesTestExecutionListener, org.springframework.test.context.event.ApplicationEventsTestExecutionListener, org.springframework.test.context.support.DependencyInjectionTestExecutionListener, org.springframework.test.context.support.DirtiesContextTestExecutionListener, org.springframework.test.context.transaction.TransactionalTestExecutionListener, org.springframework.test.context.jdbc.SqlScriptsTestExecutionListener, org.springframework.test.context.event.EventPublishingTestExecutionListener]
2024-12-04T10:53:39.409-05:00  INFO 28872 --- [           main] .b.t.a.w.s.WebMvcTestContextBootstrapper : Using TestExecutionListeners: [org.springframework.test.context.web.ServletTestExecutionListener@7f6a6d46, org.springframework.test.context.support.DirtiesContextBeforeModesTestExecutionListener@238a7e3d, org.springframework.test.context.event.ApplicationEventsTestExecutionListener@7ed5cc8c, org.springframework.boot.test.mock.mockito.MockitoTestExecutionListener@6bec566e, org.springframework.boot.test.autoconfigure.SpringBootDependencyInjectionTestExecutionListener@47400608, org.springframework.test.context.support.DirtiesContextTestExecutionListener@374bf34b, org.springframework.test.context.transaction.TransactionalTestExecutionListener@67aaf882, org.springframework.test.context.jdbc.SqlScriptsTestExecutionListener@6efc9d3f, org.springframework.test.context.event.EventPublishingTestExecutionListener@294bb6ae, org.springframework.boot.test.mock.mockito.ResetMocksTestExecutionListener@4172c967, org.springframework.boot.test.autoconfigure.restdocs.RestDocsTestExecutionListener@71ac5723, org.springframework.boot.test.autoconfigure.web.client.MockRestServiceServerResetTestExecutionListener@7bb3294c, org.springframework.boot.test.autoconfigure.web.servlet.MockMvcPrintOnlyOnFailureTestExecutionListener@f391e52, org.springframework.boot.test.autoconfigure.web.servlet.WebDriverTestExecutionListener@5857d723, org.springframework.boot.test.autoconfigure.webservices.client.MockWebServiceServerTestExecutionListener@4b518645]

  .   ____          _            __ _ _
 /\\ / ___'_ __ _ _(_)_ __  __ _ \ \ \ \
( ( )\___ | '_ | '_| | '_ \/ _` | \ \ \ \
 \\/  ___)| |_)| | | | | || (_| |  ) ) ) )
  '  |____| .__|_| |_|_| |_\__, | / / / /
 =========|_|==============|___/=/_/_/_/
 :: Spring Boot ::             (v3.0.0-M3)

2024-12-04T10:53:39.432-05:00  INFO 28872 --- [           main] j.s.m.web.controller.BeerControllerTest  : Starting BeerControllerTest using Java 17.0.9 on DESKTOP-UN92J7H with PID 28872 (started by yonatan_mengesha in C:\Users\12409\IdeaProjects\mssc-beer-service)
2024-12-04T10:53:39.433-05:00  INFO 28872 --- [           main] j.s.m.web.controller.BeerControllerTest  : No active profile set, falling back to 1 default profile: "default"
2024-12-04T10:53:39.683-05:00  INFO 28872 --- [           main] o.s.b.t.m.w.SpringBootMockServletContext : Initializing Spring TestDispatcherServlet ''
2024-12-04T10:53:39.683-05:00  INFO 28872 --- [           main] o.s.t.web.servlet.TestDispatcherServlet  : Initializing Servlet ''
2024-12-04T10:53:39.686-05:00  INFO 28872 --- [           main] o.s.t.web.servlet.TestDispatcherServlet  : Completed initialization in 1 ms
2024-12-04T10:53:39.691-05:00  INFO 28872 --- [           main] j.s.m.web.controller.BeerControllerTest  : Started BeerControllerTest in 0.279 seconds (process running for 4.315)
]]></system-out>
  </testcase>
  <testcase name="saveNewBeer" classname="jotech.springframwork.msscbeerservice.web.controller.BeerControllerTest" time="0.023"/>
  <testcase name="getBeerById" classname="jotech.springframwork.msscbeerservice.web.controller.BeerControllerTest" time="0.05"/>
</testsuite>