<?xml version="1.0" encoding="UTF-8"?>
<testsuite xmlns:xsi="http://www.w3.org/2001/XMLSchema-instance" xsi:noNamespaceSchemaLocation="https://maven.apache.org/surefire/maven-surefire-plugin/xsd/surefire-test-report.xsd" name="guru.springframwork.msscbeerservice.web.controller.BeerControllerTest" time="0.71" tests="3" errors="0" skipped="0" failures="2">
  <properties>
[...]
</properties>
  <testcase name="updateBeerById" classname="guru.springframwork.msscbeerservice.web.controller.BeerControllerTest" time="0.263">
    <failure message="Status expected:&lt;204&gt; but was:&lt;400&gt;" type="java.lang.AssertionError"><![CDATA[java.lang.AssertionError: Status expected:<204> but was:<400>
	at guru.springframwork.msscbeerservice.web.controller.BeerControllerTest.updateBeerById(BeerControllerTest.java:54)
]]></failure>
    <system-out><![CDATA[2024-11-28 22:21:22.765  INFO 16704 --- [           main] .b.t.a.w.s.WebMvcTestContextBootstrapper : Neither @ContextConfiguration nor @ContextHierarchy found for test class [guru.springframwork.msscbeerservice.web.controller.BeerControllerTest], using SpringBootContextLoader
2024-11-28 22:21:22.766  INFO 16704 --- [           main] o.s.t.c.support.AbstractContextLoader    : Could not detect default resource locations for test class [guru.springframwork.msscbeerservice.web.controller.BeerControllerTest]: no resource found for suffixes {-context.xml, Context.groovy}.
2024-11-28 22:21:22.767  INFO 16704 --- [           main] t.c.s.AnnotationConfigContextLoaderUtils : Could not detect default configuration classes for test class [guru.springframwork.msscbeerservice.web.controller.BeerControllerTest]: BeerControllerTest does not declare any static, non-private, non-final, nested classes annotated with @Configuration.
2024-11-28 22:21:22.798  INFO 16704 --- [           main] .b.t.c.SpringBootTestContextBootstrapper : Found @SpringBootConfiguration guru.springframwork.msscbeerservice.MsscBeerServiceApplication for test class guru.springframwork.msscbeerservice.web.controller.BeerControllerTest
2024-11-28 22:21:22.799  INFO 16704 --- [           main] .b.t.a.w.s.WebMvcTestContextBootstrapper : Loaded default TestExecutionListener class names from location [META-INF/spring.factories]: [org.springframework.boot.test.mock.mockito.MockitoTestExecutionListener, org.springframework.boot.test.mock.mockito.ResetMocksTestExecutionListener, org.springframework.boot.test.autoconfigure.restdocs.RestDocsTestExecutionListener, org.springframework.boot.test.autoconfigure.web.client.MockRestServiceServerResetTestExecutionListener, org.springframework.boot.test.autoconfigure.web.servlet.MockMvcPrintOnlyOnFailureTestExecutionListener, org.springframework.boot.test.autoconfigure.web.servlet.WebDriverTestExecutionListener, org.springframework.test.context.web.ServletTestExecutionListener, org.springframework.test.context.support.DirtiesContextBeforeModesTestExecutionListener, org.springframework.test.context.support.DependencyInjectionTestExecutionListener, org.springframework.test.context.support.DirtiesContextTestExecutionListener, org.springframework.test.context.transaction.TransactionalTestExecutionListener, org.springframework.test.context.jdbc.SqlScriptsTestExecutionListener]
2024-11-28 22:21:22.799  INFO 16704 --- [           main] .b.t.a.w.s.WebMvcTestContextBootstrapper : Using TestExecutionListeners: [org.springframework.test.context.web.ServletTestExecutionListener@75b25ec3, org.springframework.test.context.support.DirtiesContextBeforeModesTestExecutionListener@69e736bf, org.springframework.boot.test.mock.mockito.MockitoTestExecutionListener@6b60d99c, org.springframework.boot.test.autoconfigure.SpringBootDependencyInjectionTestExecutionListener@543a7605, org.springframework.test.context.support.DirtiesContextTestExecutionListener@33997e07, org.springframework.test.context.transaction.TransactionalTestExecutionListener@639bf405, org.springframework.test.context.jdbc.SqlScriptsTestExecutionListener@eda7dd3, org.springframework.boot.test.mock.mockito.ResetMocksTestExecutionListener@9d7a853, org.springframework.boot.test.autoconfigure.restdocs.RestDocsTestExecutionListener@71c69628, org.springframework.boot.test.autoconfigure.web.client.MockRestServiceServerResetTestExecutionListener@4dc16fc9, org.springframework.boot.test.autoconfigure.web.servlet.MockMvcPrintOnlyOnFailureTestExecutionListener@1028a747, org.springframework.boot.test.autoconfigure.web.servlet.WebDriverTestExecutionListener@24890021]

  .   ____          _            __ _ _
 /\\ / ___'_ __ _ _(_)_ __  __ _ \ \ \ \
( ( )\___ | '_ | '_| | '_ \/ _` | \ \ \ \
 \\/  ___)| |_)| | | | | || (_| |  ) ) ) )
  '  |____| .__|_| |_|_| |_\__, | / / / /
 =========|_|==============|___/=/_/_/_/
 :: Spring Boot ::        (v2.1.5.RELEASE)

2024-11-28 22:21:22.830  INFO 16704 --- [           main] g.s.m.web.controller.BeerControllerTest  : Starting BeerControllerTest on DESKTOP-UN92J7H with PID 16704 (started by yonatan_mengesha in C:\Users\12409\IdeaProjects\mssc-beer-service)
2024-11-28 22:21:22.831  INFO 16704 --- [           main] g.s.m.web.controller.BeerControllerTest  : No active profile set, falling back to default profiles: default
2024-11-28 22:21:23.078  INFO 16704 --- [           main] o.s.s.concurrent.ThreadPoolTaskExecutor  : Initializing ExecutorService 'applicationTaskExecutor'
2024-11-28 22:21:23.177  INFO 16704 --- [           main] o.s.b.t.m.w.SpringBootMockServletContext : Initializing Spring TestDispatcherServlet ''
2024-11-28 22:21:23.178  INFO 16704 --- [           main] o.s.t.web.servlet.TestDispatcherServlet  : Initializing Servlet ''
2024-11-28 22:21:23.188  INFO 16704 --- [           main] o.s.t.web.servlet.TestDispatcherServlet  : Completed initialization in 10 ms
2024-11-28 22:21:23.205  INFO 16704 --- [           main] g.s.m.web.controller.BeerControllerTest  : Started BeerControllerTest in 0.403 seconds (JVM running for 6.687)
2024-11-28 22:21:23.448  WARN 16704 --- [           main] .w.s.m.s.DefaultHandlerExceptionResolver : Resolved [org.springframework.web.bind.MethodArgumentNotValidException: Validation failed for argument [1] in public org.springframework.http.ResponseEntity guru.springframwork.msscbeerservice.web.controller.BeerController.updateBeerById(java.util.UUID,guru.springframwork.msscbeerservice.web.model.BeerDto): [Field error in object 'beerDto' on field 'beerName': rejected value [null]; codes [NotBlank.beerDto.beerName,NotBlank.beerName,NotBlank.java.lang.String,NotBlank]; arguments [org.springframework.context.support.DefaultMessageSourceResolvable: codes [beerDto.beerName,beerName]; arguments []; default message [beerName]]; default message [must not be blank]] ]

MockHttpServletRequest:
      HTTP Method = PUT
      Request URI = /api/v1/beer/aa04af55-acf0-44f2-b58e-db47bb4c3549
       Parameters = {}
          Headers = [Content-Type:"application/json"]
             Body = <no character encoding set>
    Session Attrs = {}

Handler:
             Type = guru.springframwork.msscbeerservice.web.controller.BeerController
           Method = public org.springframework.http.ResponseEntity guru.springframwork.msscbeerservice.web.controller.BeerController.updateBeerById(java.util.UUID,guru.springframwork.msscbeerservice.web.model.BeerDto)

Async:
    Async started = false
     Async result = null

Resolved Exception:
             Type = org.springframework.web.bind.MethodArgumentNotValidException

ModelAndView:
        View name = null
             View = null
            Model = null

FlashMap:
       Attributes = null

MockHttpServletResponse:
           Status = 400
    Error message = null
          Headers = []
     Content type = null
             Body = 
    Forwarded URL = null
   Redirected URL = null
          Cookies = []
]]></system-out>
  </testcase>
  <testcase name="saveNewBeer" classname="guru.springframwork.msscbeerservice.web.controller.BeerControllerTest" time="0.013">
    <failure message="Status expected:&lt;201&gt; but was:&lt;400&gt;" type="java.lang.AssertionError"><![CDATA[java.lang.AssertionError: Status expected:<201> but was:<400>
	at guru.springframwork.msscbeerservice.web.controller.BeerControllerTest.saveNewBeer(BeerControllerTest.java:43)
]]></failure>
    <system-out><![CDATA[2024-11-28 22:21:23.476  WARN 16704 --- [           main] .w.s.m.s.DefaultHandlerExceptionResolver : Resolved [org.springframework.web.bind.MethodArgumentNotValidException: Validation failed for argument [0] in public org.springframework.http.ResponseEntity guru.springframwork.msscbeerservice.web.controller.BeerController.saveNewBeer(guru.springframwork.msscbeerservice.web.model.BeerDto): [Field error in object 'beerDto' on field 'beerName': rejected value [null]; codes [NotBlank.beerDto.beerName,NotBlank.beerName,NotBlank.java.lang.String,NotBlank]; arguments [org.springframework.context.support.DefaultMessageSourceResolvable: codes [beerDto.beerName,beerName]; arguments []; default message [beerName]]; default message [must not be blank]] ]

MockHttpServletRequest:
      HTTP Method = PUT
      Request URI = /api/v1/beer/aa04af55-acf0-44f2-b58e-db47bb4c3549
       Parameters = {}
          Headers = [Content-Type:"application/json"]
             Body = <no character encoding set>
    Session Attrs = {}

Handler:
             Type = guru.springframwork.msscbeerservice.web.controller.BeerController
           Method = public org.springframework.http.ResponseEntity guru.springframwork.msscbeerservice.web.controller.BeerController.updateBeerById(java.util.UUID,guru.springframwork.msscbeerservice.web.model.BeerDto)

Async:
    Async started = false
     Async result = null

Resolved Exception:
             Type = org.springframework.web.bind.MethodArgumentNotValidException

ModelAndView:
        View name = null
             View = null
            Model = null

FlashMap:
       Attributes = null

MockHttpServletResponse:
           Status = 400
    Error message = null
          Headers = []
     Content type = null
             Body = 
    Forwarded URL = null
   Redirected URL = null
          Cookies = []

MockHttpServletRequest:
      HTTP Method = POST
      Request URI = /api/v1/beer/
       Parameters = {}
          Headers = [Content-Type:"application/json"]
             Body = <no character encoding set>
    Session Attrs = {}

Handler:
             Type = guru.springframwork.msscbeerservice.web.controller.BeerController
           Method = public org.springframework.http.ResponseEntity guru.springframwork.msscbeerservice.web.controller.BeerController.saveNewBeer(guru.springframwork.msscbeerservice.web.model.BeerDto)

Async:
    Async started = false
     Async result = null

Resolved Exception:
             Type = org.springframework.web.bind.MethodArgumentNotValidException

ModelAndView:
        View name = null
             View = null
            Model = null

FlashMap:
       Attributes = null

MockHttpServletResponse:
           Status = 400
    Error message = null
          Headers = []
     Content type = null
             Body = 
    Forwarded URL = null
   Redirected URL = null
          Cookies = []
]]></system-out>
  </testcase>
  <testcase name="getBeerById" classname="guru.springframwork.msscbeerservice.web.controller.BeerControllerTest" time="0.016"/>
</testsuite>