<?xml version="1.0" encoding="UTF-8"?>
<testsuite xmlns:xsi="http://www.w3.org/2001/XMLSchema-instance" xsi:noNamespaceSchemaLocation="https://maven.apache.org/surefire/maven-surefire-plugin/xsd/surefire-test-report-3.0.xsd" version="3.0" name="jotech.springframwork.msscbeerservice.MsscBeerServiceApplicationTests" time="4.992" tests="1" errors="0" skipped="0" failures="0">
  <properties>
[...]
</properties>
  <testcase name="contextLoads" classname="jotech.springframwork.msscbeerservice.MsscBeerServiceApplicationTests" time="0.215">
    <system-out><![CDATA[21:27:44.871 [main] DEBUG org.springframework.test.context.BootstrapUtils - Instantiating CacheAwareContextLoaderDelegate from class [org.springframework.test.context.cache.DefaultCacheAwareContextLoaderDelegate]
21:27:44.884 [main] DEBUG org.springframework.test.context.BootstrapUtils - Instantiating BootstrapContext using constructor [public org.springframework.test.context.support.DefaultBootstrapContext(java.lang.Class,org.springframework.test.context.CacheAwareContextLoaderDelegate)]
21:27:44.912 [main] DEBUG org.springframework.test.context.BootstrapUtils - Instantiating TestContextBootstrapper for test class [jotech.springframwork.msscbeerservice.MsscBeerServiceApplicationTests] from class [org.springframework.boot.test.context.SpringBootTestContextBootstrapper]
21:27:44.926 [main] INFO org.springframework.boot.test.context.SpringBootTestContextBootstrapper - Neither @ContextConfiguration nor @ContextHierarchy found for test class [jotech.springframwork.msscbeerservice.MsscBeerServiceApplicationTests], using SpringBootContextLoader
21:27:44.930 [main] DEBUG org.springframework.test.context.support.AbstractContextLoader - Did not detect default resource location for test class [jotech.springframwork.msscbeerservice.MsscBeerServiceApplicationTests]: class path resource [jotech/springframwork/msscbeerservice/MsscBeerServiceApplicationTests-context.xml] does not exist
21:27:44.930 [main] DEBUG org.springframework.test.context.support.AbstractContextLoader - Did not detect default resource location for test class [jotech.springframwork.msscbeerservice.MsscBeerServiceApplicationTests]: class path resource [jotech/springframwork/msscbeerservice/MsscBeerServiceApplicationTestsContext.groovy] does not exist
21:27:44.931 [main] INFO org.springframework.test.context.support.AbstractContextLoader - Could not detect default resource locations for test class [jotech.springframwork.msscbeerservice.MsscBeerServiceApplicationTests]: no resource found for suffixes {-context.xml, Context.groovy}.
21:27:44.931 [main] INFO org.springframework.test.context.support.AnnotationConfigContextLoaderUtils - Could not detect default configuration classes for test class [jotech.springframwork.msscbeerservice.MsscBeerServiceApplicationTests]: MsscBeerServiceApplicationTests does not declare any static, non-private, non-final, nested classes annotated with @Configuration.
21:27:45.002 [main] DEBUG org.springframework.test.context.support.ActiveProfilesUtils - Could not find an 'annotation declaring class' for annotation type [org.springframework.test.context.ActiveProfiles] and class [jotech.springframwork.msscbeerservice.MsscBeerServiceApplicationTests]
21:27:45.063 [main] DEBUG org.springframework.context.annotation.ClassPathScanningCandidateComponentProvider - Identified candidate component class: file [C:\Users\12409\IdeaProjects\mssc-beer-service\target\classes\jotech\springframwork\msscbeerservice\MsscBeerServiceApplication.class]
21:27:45.065 [main] INFO org.springframework.boot.test.context.SpringBootTestContextBootstrapper - Found @SpringBootConfiguration jotech.springframwork.msscbeerservice.MsscBeerServiceApplication for test class jotech.springframwork.msscbeerservice.MsscBeerServiceApplicationTests
21:27:45.154 [main] DEBUG org.springframework.boot.test.context.SpringBootTestContextBootstrapper - @TestExecutionListeners is not present for class [jotech.springframwork.msscbeerservice.MsscBeerServiceApplicationTests]: using defaults.
21:27:45.155 [main] INFO org.springframework.boot.test.context.SpringBootTestContextBootstrapper - Loaded default TestExecutionListener class names from location [META-INF/spring.factories]: [org.springframework.boot.test.mock.mockito.MockitoTestExecutionListener, org.springframework.boot.test.mock.mockito.ResetMocksTestExecutionListener, org.springframework.boot.test.autoconfigure.restdocs.RestDocsTestExecutionListener, org.springframework.boot.test.autoconfigure.web.client.MockRestServiceServerResetTestExecutionListener, org.springframework.boot.test.autoconfigure.web.servlet.MockMvcPrintOnlyOnFailureTestExecutionListener, org.springframework.boot.test.autoconfigure.web.servlet.WebDriverTestExecutionListener, org.springframework.boot.test.autoconfigure.webservices.client.MockWebServiceServerTestExecutionListener, org.springframework.test.context.web.ServletTestExecutionListener, org.springframework.test.context.support.DirtiesContextBeforeModesTestExecutionListener, org.springframework.test.context.event.ApplicationEventsTestExecutionListener, org.springframework.test.context.support.DependencyInjectionTestExecutionListener, org.springframework.test.context.support.DirtiesContextTestExecutionListener, org.springframework.test.context.transaction.TransactionalTestExecutionListener, org.springframework.test.context.jdbc.SqlScriptsTestExecutionListener, org.springframework.test.context.event.EventPublishingTestExecutionListener]
21:27:45.175 [main] INFO org.springframework.boot.test.context.SpringBootTestContextBootstrapper - Using TestExecutionListeners: [org.springframework.test.context.web.ServletTestExecutionListener@517566b, org.springframework.test.context.support.DirtiesContextBeforeModesTestExecutionListener@64b73e7a, org.springframework.test.context.event.ApplicationEventsTestExecutionListener@530712d, org.springframework.boot.test.mock.mockito.MockitoTestExecutionListener@2df6226d, org.springframework.boot.test.autoconfigure.SpringBootDependencyInjectionTestExecutionListener@12ed9db6, org.springframework.test.context.support.DirtiesContextTestExecutionListener@4ff4357f, org.springframework.test.context.transaction.TransactionalTestExecutionListener@49cb9cb5, org.springframework.test.context.jdbc.SqlScriptsTestExecutionListener@55322aab, org.springframework.test.context.event.EventPublishingTestExecutionListener@2b4c1d96, org.springframework.boot.test.mock.mockito.ResetMocksTestExecutionListener@45fd9a4d, org.springframework.boot.test.autoconfigure.restdocs.RestDocsTestExecutionListener@50468873, org.springframework.boot.test.autoconfigure.web.client.MockRestServiceServerResetTestExecutionListener@146587a2, org.springframework.boot.test.autoconfigure.web.servlet.MockMvcPrintOnlyOnFailureTestExecutionListener@5f0e9815, org.springframework.boot.test.autoconfigure.web.servlet.WebDriverTestExecutionListener@76884e4b, org.springframework.boot.test.autoconfigure.webservices.client.MockWebServiceServerTestExecutionListener@126945f9]
21:27:45.182 [main] DEBUG org.springframework.test.context.support.AbstractDirtiesContextTestExecutionListener - Before test class: context [DefaultTestContext@1e636ea3 testClass = MsscBeerServiceApplicationTests, testInstance = [null], testMethod = [null], testException = [null], mergedContextConfiguration = [WebMergedContextConfiguration@115667d testClass = MsscBeerServiceApplicationTests, locations = '{}', classes = '{class jotech.springframwork.msscbeerservice.MsscBeerServiceApplication}', contextInitializerClasses = '[]', activeProfiles = '{}', propertySourceLocations = '{}', propertySourceProperties = '{org.springframework.boot.test.context.SpringBootTestContextBootstrapper=true}', contextCustomizers = set[org.springframework.boot.test.context.filter.ExcludeFilterContextCustomizer@5965d37, org.springframework.boot.test.json.DuplicateJsonObjectContextCustomizerFactory$DuplicateJsonObjectContextCustomizer@5b799640, org.springframework.boot.test.mock.mockito.MockitoContextCustomizer@0, org.springframework.boot.test.web.client.TestRestTemplateContextCustomizer@194fad1, org.springframework.boot.test.autoconfigure.actuate.metrics.MetricsExportContextCustomizerFactory$DisableMetricExportContextCustomizer@57bc27f5, org.springframework.boot.test.autoconfigure.properties.PropertyMappingContextCustomizer@0, org.springframework.boot.test.autoconfigure.web.servlet.WebDriverContextCustomizerFactory$Customizer@1a4927d6, org.springframework.boot.test.context.SpringBootTestArgs@1, org.springframework.boot.test.context.SpringBootTestWebEnvironment@4bb4de6a], resourceBasePath = 'src/main/webapp', contextLoader = 'org.springframework.boot.test.context.SpringBootContextLoader', parent = [null]], attributes = map['org.springframework.test.context.web.ServletTestExecutionListener.activateListener' -> true]], class annotated with @DirtiesContext [false] with mode [null].

  .   ____          _            __ _ _
 /\\ / ___'_ __ _ _(_)_ __  __ _ \ \ \ \
( ( )\___ | '_ | '_| | '_ \/ _` | \ \ \ \
 \\/  ___)| |_)| | | | | || (_| |  ) ) ) )
  '  |____| .__|_| |_|_| |_\__, | / / / /
 =========|_|==============|___/=/_/_/_/
 :: Spring Boot ::             (v3.0.0-M3)

2024-12-03T21:27:45.485-05:00  INFO 17500 --- [           main] j.s.m.MsscBeerServiceApplicationTests    : Starting MsscBeerServiceApplicationTests using Java 17.0.9 on DESKTOP-UN92J7H with PID 17500 (started by yonatan_mengesha in C:\Users\12409\IdeaProjects\mssc-beer-service)
2024-12-03T21:27:45.487-05:00  INFO 17500 --- [           main] j.s.m.MsscBeerServiceApplicationTests    : No active profile set, falling back to 1 default profile: "default"
2024-12-03T21:27:46.233-05:00  INFO 17500 --- [           main] .s.d.r.c.RepositoryConfigurationDelegate : Bootstrapping Spring Data JPA repositories in DEFAULT mode.
2024-12-03T21:27:46.312-05:00  INFO 17500 --- [           main] .s.d.r.c.RepositoryConfigurationDelegate : Finished Spring Data repository scanning in 67 ms. Found 1 JPA repository interfaces.
2024-12-03T21:27:46.881-05:00  INFO 17500 --- [           main] com.zaxxer.hikari.HikariDataSource       : HikariPool-1 - Starting...
2024-12-03T21:27:47.108-05:00  INFO 17500 --- [           main] com.zaxxer.hikari.pool.HikariPool        : HikariPool-1 - Added connection conn0: url=jdbc:h2:mem:07ab0a0c-0e58-4f37-991d-18ae0547b9b9 user=SA
2024-12-03T21:27:47.111-05:00  INFO 17500 --- [           main] com.zaxxer.hikari.HikariDataSource       : HikariPool-1 - Start completed.
2024-12-03T21:27:47.189-05:00  INFO 17500 --- [           main] o.hibernate.jpa.internal.util.LogHelper  : HHH000204: Processing PersistenceUnitInfo [name: default]
2024-12-03T21:27:47.248-05:00  INFO 17500 --- [           main] org.hibernate.Version                    : HHH000412: Hibernate ORM core version 5.6.9.Final
2024-12-03T21:27:47.472-05:00  INFO 17500 --- [           main] o.hibernate.annotations.common.Version   : HCANN000001: Hibernate Commons Annotations {5.1.2.Final}
2024-12-03T21:27:47.628-05:00  INFO 17500 --- [           main] org.hibernate.dialect.Dialect            : HHH000400: Using dialect: org.hibernate.dialect.H2Dialect
2024-12-03T21:27:48.391-05:00  INFO 17500 --- [           main] o.h.e.t.j.p.i.JtaPlatformInitiator       : HHH000490: Using JtaPlatform implementation: [org.hibernate.engine.transaction.jta.platform.internal.NoJtaPlatform]
2024-12-03T21:27:48.396-05:00  INFO 17500 --- [           main] j.LocalContainerEntityManagerFactoryBean : Initialized JPA EntityManagerFactory for persistence unit 'default'
2024-12-03T21:27:48.905-05:00  WARN 17500 --- [           main] JpaBaseConfiguration$JpaWebConfiguration : spring.jpa.open-in-view is enabled by default. Therefore, database queries may be performed during view rendering. Explicitly configure spring.jpa.open-in-view to disable this warning
2024-12-03T21:27:49.295-05:00  INFO 17500 --- [           main] j.s.m.MsscBeerServiceApplicationTests    : Started MsscBeerServiceApplicationTests in 4.074 seconds (process running for 5.063)
]]></system-out>
  </testcase>
</testsuite>